Looking for git in: git
Using git 2.17.1 from git
> git rev-parse --show-toplevel
> git rev-parse --git-dir
Open repository: /var/www/html/skorozvon
> git status -z -u
> git symbolic-ref --short HEAD
> git rev-parse master
> git rev-parse --symbolic-full-name master@{u}
> git rev-list --left-right master...refs/remotes/origin/master
> git for-each-ref --format %(refname) %(objectname) --sort -committerdate
> git remote --verbose
> git config --get commit.template
> git show :routes/api.php
> git ls-files --stage -- /var/www/html/skorozvon/routes/api.php
> git cat-file -s ae8c22d84107989f287b2e440791ca3ff34a4344
> git check-ignore -v -z --stdin
> git status -z -u
> git symbolic-ref --short HEAD
> git rev-parse master
> git rev-parse --symbolic-full-name master@{u}
> git rev-list --left-right master...refs/remotes/origin/master
> git for-each-ref --format %(refname) %(objectname) --sort -committerdate
> git remote --verbose
> git config --get commit.template
> git status -z -u
> git symbolic-ref --short HEAD
> git rev-parse master
> git rev-parse --symbolic-full-name master@{u}
> git rev-list --left-right master...refs/remotes/origin/master
> git for-each-ref --format %(refname) %(objectname) --sort -committerdate
> git remote --verbose
> git config --get commit.template
> git status -z -u
> git symbolic-ref --short HEAD
> git rev-parse master
> git rev-parse --symbolic-full-name master@{u}
> git rev-list --left-right master...refs/remotes/origin/master
> git for-each-ref --format %(refname) %(objectname) --sort -committerdate
> git remote --verbose
> git config --get commit.template
> git status -z -u
> git symbolic-ref --short HEAD
> git rev-parse master
> git rev-parse --symbolic-full-name master@{u}
> git rev-list --left-right master...refs/remotes/origin/master
> git for-each-ref --format %(refname) %(objectname) --sort -committerdate
> git remote --verbose
> git config --get commit.template
> git check-ignore -v -z --stdin
> git show :database/migrations/2020_05_04_173531_create_leads_tasks.php
> git ls-files --stage -- /var/www/html/skorozvon/database/migrations/2020_05_04_173531_create_leads_tasks.php
> git show :database/migrations/2020_05_04_155029_create_leads_contact.php
> git ls-files --stage -- /var/www/html/skorozvon/database/migrations/2020_05_04_155029_create_leads_contact.php
> git show :database/migrations/2020_05_04_173531_create_leads_tasks.php
> git ls-files --stage -- /var/www/html/skorozvon/database/migrations/2020_05_04_173531_create_leads_tasks.php
> git show :database/migrations/2020_05_04_155029_create_leads_contact.php
> git ls-files --stage -- /var/www/html/skorozvon/database/migrations/2020_05_04_155029_create_leads_contact.php
> git show :database/migrations/2020_05_04_173531_create_leads_tasks.php
> git ls-files --stage -- /var/www/html/skorozvon/database/migrations/2020_05_04_173531_create_leads_tasks.php
> git show :database/migrations/2020_05_04_155029_create_leads_contact.php
> git ls-files --stage -- /var/www/html/skorozvon/database/migrations/2020_05_04_155029_create_leads_contact.php
> git show :database/migrations/2020_05_04_173531_create_leads_tasks.php
> git ls-files --stage -- /var/www/html/skorozvon/database/migrations/2020_05_04_173531_create_leads_tasks.php
> git status -z -u
> git symbolic-ref --short HEAD
> git rev-parse master
> git rev-parse --symbolic-full-name master@{u}
> git rev-list --left-right master...refs/remotes/origin/master
> git for-each-ref --format %(refname) %(objectname) --sort -committerdate
> git remote --verbose
> git config --get commit.template
> git show :database/migrations/2020_05_04_155029_create_leads_contact.php
> git ls-files --stage -- /var/www/html/skorozvon/database/migrations/2020_05_04_155029_create_leads_contact.php
> git show :database/migrations/2020_05_04_173531_create_leads_tasks.php
> git ls-files --stage -- /var/www/html/skorozvon/database/migrations/2020_05_04_173531_create_leads_tasks.php
> git show :database/migrations/2020_05_04_155029_create_leads_contact.php
> git ls-files --stage -- /var/www/html/skorozvon/database/migrations/2020_05_04_155029_create_leads_contact.php
> git show :database/migrations/2020_05_04_173531_create_leads_tasks.php
> git ls-files --stage -- /var/www/html/skorozvon/database/migrations/2020_05_04_173531_create_leads_tasks.php
> git show :database/migrations/2020_05_04_155029_create_leads_contact.php
> git ls-files --stage -- /var/www/html/skorozvon/database/migrations/2020_05_04_155029_create_leads_contact.php
> git status -z -u
> git ls-files --stage -- /var/www/html/skorozvon/database/migrations/2020_05_04_155029_create_leads_contact.php
> git cat-file -s 2270ec43348e98750b8d5264ae4d315e94d744dc
> git show :database/migrations/2020_05_04_155029_create_leads_contact.php
> git symbolic-ref --short HEAD
> git rev-parse master
> git rev-parse --symbolic-full-name master@{u}
> git rev-list --left-right master...refs/remotes/origin/master
> git for-each-ref --format %(refname) %(objectname) --sort -committerdate
> git remote --verbose
> git config --get commit.template
> git status -z -u
> git ls-files --stage -- /var/www/html/skorozvon/database/migrations/2020_05_04_155029_create_leads_contact.php
> git symbolic-ref --short HEAD
> git cat-file -s 2270ec43348e98750b8d5264ae4d315e94d744dc
> git rev-parse master
> git rev-parse --symbolic-full-name master@{u}
> git show :database/migrations/2020_05_04_155029_create_leads_contact.php
> git rev-list --left-right master...refs/remotes/origin/master
> git for-each-ref --format %(refname) %(objectname) --sort -committerdate
> git remote --verbose
> git config --get commit.template
> git status -z -u
> git symbolic-ref --short HEAD
> git rev-parse master
> git rev-parse --symbolic-full-name master@{u}
> git rev-list --left-right master...refs/remotes/origin/master
> git for-each-ref --format %(refname) %(objectname) --sort -committerdate
> git remote --verbose
> git config --get commit.template
> git status -z -u
> git ls-files --stage -- /var/www/html/skorozvon/database/migrations/2020_05_04_155029_create_leads_contact.php
> git symbolic-ref --short HEAD
> git cat-file -s 2270ec43348e98750b8d5264ae4d315e94d744dc
> git rev-parse master
> git rev-parse --symbolic-full-name master@{u}
> git rev-list --left-right master...refs/remotes/origin/master
> git show :database/migrations/2020_05_04_155029_create_leads_contact.php
> git for-each-ref --format %(refname) %(objectname) --sort -committerdate
> git remote --verbose
> git status -z -u
> git symbolic-ref --short HEAD
> git rev-parse master
> git rev-parse --symbolic-full-name master@{u}
> git rev-list --left-right master...refs/remotes/origin/master
> git for-each-ref --format %(refname) %(objectname) --sort -committerdate
> git remote --verbose
> git log --format=%H%n%aN%n%aE%n%at%n%ct%n%P%n%B -z -n21 -- /var/www/html/skorozvon/database/migrations/2020_05_04_155029_create_leads_contact.php
> git check-ignore -v -z --stdin
> git check-ignore -v -z --stdin
> git check-ignore -v -z --stdin
> git check-ignore -v -z --stdin
> git check-ignore -v -z --stdin
> git show :composer.lock
> git ls-files --stage -- /var/www/html/skorozvon/composer.lock
> git cat-file -s 714496e0f1a53851fe20fe204de6eefd793407db
> git show :database/migrations/2020_05_04_155029_create_leads_contact.php
> git ls-files --stage -- /var/www/html/skorozvon/database/migrations/2020_05_04_155029_create_leads_contact.php
> git cat-file -s 2270ec43348e98750b8d5264ae4d315e94d744dc
> git check-ignore -v -z --stdin
> git show :app/Http/Controllers/PersonalArea/LeadsController.php
> git ls-files --stage -- /var/www/html/skorozvon/app/Http/Controllers/PersonalArea/LeadsController.php
> git cat-file -s 9818b29707cadb9cc44bdb796205f979ce979935
> git show :composer.lock
> git ls-files --stage -- /var/www/html/skorozvon/composer.lock
> git cat-file -s 714496e0f1a53851fe20fe204de6eefd793407db
> git show :app/Http/Controllers/PersonalArea/LeadsController.php
> git ls-files --stage -- /var/www/html/skorozvon/app/Http/Controllers/PersonalArea/LeadsController.php
> git cat-file -s 9818b29707cadb9cc44bdb796205f979ce979935
> git show :composer.lock
> git ls-files --stage -- /var/www/html/skorozvon/composer.lock
> git cat-file -s 714496e0f1a53851fe20fe204de6eefd793407db
> git show :app/Http/Controllers/PersonalArea/LeadsController.php
> git ls-files --stage -- /var/www/html/skorozvon/app/Http/Controllers/PersonalArea/LeadsController.php
> git cat-file -s 9818b29707cadb9cc44bdb796205f979ce979935
> git show :composer.lock
> git ls-files --stage -- /var/www/html/skorozvon/composer.lock
> git cat-file -s 714496e0f1a53851fe20fe204de6eefd793407db
> git show :app/Http/Controllers/PersonalArea/ContactsController.php
> git ls-files --stage -- /var/www/html/skorozvon/app/Http/Controllers/PersonalArea/ContactsController.php
> git cat-file -s 8751c673f505c07c4f127666881b3aa2adf069f2
> git check-ignore -v -z --stdin
> git check-ignore -v -z --stdin
> git show :app/Exceptions/Handler.php
> git ls-files --stage -- /var/www/html/skorozvon/app/Exceptions/Handler.php
> git cat-file -s 59c585dc134c264ce2dfed592c3c13842edf5893
> git check-ignore -v -z --stdin
> git show :app/Console/Kernel.php
> git ls-files --stage -- /var/www/html/skorozvon/app/Console/Kernel.php
> git cat-file -s 69914e9937839b2a0fa23ec9142ca20fd7ab7a8d
> git show :app/Http/Controllers/PersonalArea/LeadsController.php
> git ls-files --stage -- /var/www/html/skorozvon/app/Http/Controllers/PersonalArea/LeadsController.php
> git cat-file -s 9818b29707cadb9cc44bdb796205f979ce979935
> git show :routes/api.php
> git ls-files --stage -- /var/www/html/skorozvon/routes/api.php
> git cat-file -s f84824c3a3887382dfaf89c6f41ad310a7cb3c3d
> git show :app/Http/Controllers/PersonalArea/LeadsController.php
> git ls-files --stage -- /var/www/html/skorozvon/app/Http/Controllers/PersonalArea/LeadsController.php
> git cat-file -s 9818b29707cadb9cc44bdb796205f979ce979935
> git show :composer.lock
> git ls-files --stage -- /var/www/html/skorozvon/composer.lock
> git cat-file -s 714496e0f1a53851fe20fe204de6eefd793407db
> git show :routes/console.php
> git ls-files --stage -- /var/www/html/skorozvon/routes/console.php
> git cat-file -s da55196d406adee8ab6bb158f72670bc484b434d
> git show :app/Http/Controllers/PersonalArea/LeadsController.php
> git ls-files --stage -- /var/www/html/skorozvon/app/Http/Controllers/PersonalArea/LeadsController.php
> git cat-file -s 9818b29707cadb9cc44bdb796205f979ce979935
> git status -z -u
> git ls-files --stage -- /var/www/html/skorozvon/app/Http/Controllers/PersonalArea/LeadsController.php
> git symbolic-ref --short HEAD
> git cat-file -s 9818b29707cadb9cc44bdb796205f979ce979935
> git rev-parse master
> git rev-parse --symbolic-full-name master@{u}
> git rev-list --left-right master...refs/remotes/origin/master
> git show :app/Http/Controllers/PersonalArea/LeadsController.php
> git for-each-ref --format %(refname) %(objectname) --sort -committerdate
> git remote --verbose
> git status -z -u
> git ls-files --stage -- /var/www/html/skorozvon/app/Http/Controllers/PersonalArea/LeadsController.php
> git symbolic-ref --short HEAD
> git cat-file -s 8b43011ed3f08dd0da4fc8e0af8b1d1798930bdc
> git rev-parse master
> git rev-parse --symbolic-full-name master@{u}
> git show :app/Http/Controllers/PersonalArea/LeadsController.php
> git rev-list --left-right master...refs/remotes/origin/master
> git for-each-ref --format %(refname) %(objectname) --sort -committerdate
> git remote --verbose
> git config --get commit.template
