Looking for git in: git
Using git 2.17.1 from git
> git rev-parse --show-toplevel
> git rev-parse --git-dir
Open repository: /var/www/html/skorozvon
> git status -z -u
> git show :app/Http/Controllers/PersonalArea/LeadsController.php
> git ls-files --stage -- /var/www/html/skorozvon/app/Http/Controllers/PersonalArea/LeadsController.php
> git cat-file -s 8b43011ed3f08dd0da4fc8e0af8b1d1798930bdc
> git check-ignore -v -z --stdin
> git symbolic-ref --short HEAD
> git rev-parse master
> git rev-parse --symbolic-full-name master@{u}
> git rev-list --left-right master...refs/remotes/origin/master
> git for-each-ref --format %(refname) %(objectname) --sort -committerdate
> git remote --verbose
> git config --get commit.template
> git check-ignore -v -z --stdin
> git check-ignore -v -z --stdin
> git check-ignore -v -z --stdin
> git show :database/migrations/2020_05_04_155029_create_leads_contact.php
> git ls-files --stage -- /var/www/html/skorozvon/database/migrations/2020_05_04_155029_create_leads_contact.php
> git cat-file -s 2270ec43348e98750b8d5264ae4d315e94d744dc
> git show :database/migrations/2020_05_04_155029_create_leads_contact_table.php
> git ls-files --stage -- /var/www/html/skorozvon/database/migrations/2020_05_04_155029_create_leads_contact_table.php
> git check-ignore -v -z --stdin
> git show :database/migrations/2020_05_04_173531_create_leads_tasks.php
> git ls-files --stage -- /var/www/html/skorozvon/database/migrations/2020_05_04_173531_create_leads_tasks.php
> git cat-file -s 5fe5b64f18c63e8c29af1eca5ad64c822cb2d411
> git show :database/migrations/2020_05_04_173531_create_leads_tasks_table.php
> git ls-files --stage -- /var/www/html/skorozvon/database/migrations/2020_05_04_173531_create_leads_tasks_table.php
> git check-ignore -v -z --stdin
> git show :database/migrations/2020_05_04_155029_create_leads_contact_table.php
> git ls-files --stage -- /var/www/html/skorozvon/database/migrations/2020_05_04_155029_create_leads_contact_table.php
> git show :database/migrations/2020_05_04_173531_create_leads_tasks_table.php
> git ls-files --stage -- /var/www/html/skorozvon/database/migrations/2020_05_04_173531_create_leads_tasks_table.php
> git show :database/migrations/2020_05_04_155029_create_leads_contact_table.php
> git ls-files --stage -- /var/www/html/skorozvon/database/migrations/2020_05_04_155029_create_leads_contact_table.php
