Looking for git in: git
Using git 2.17.1 from git
> git rev-parse --show-toplevel
> git rev-parse --git-dir
Open repository: /var/www/html/skorozvon
> git status -z -u
> git check-ignore -v -z --stdin
> git symbolic-ref --short HEAD
> git rev-parse master
> git rev-parse --symbolic-full-name master@{u}
> git rev-list --left-right master...refs/remotes/origin/master
> git for-each-ref --format %(refname) %(objectname) --sort -committerdate
> git remote --verbose
Failed to watch ref '/var/www/html/skorozvon/.git/refs/remotes/origin/master', is most likely packed.
Error: ENOENT: no such file or directory, watch '/var/www/html/skorozvon/.git/refs/remotes/origin/master'
	at FSWatcher.start (internal/fs/watchers.js:165:26)
	at Object.watch (fs.js:1270:11)
	at Object.t.watch (/usr/share/code/resources/app/extensions/git/dist/main.js:1:598268)
	at T.updateTransientWatchers (/usr/share/code/resources/app/extensions/git/dist/main.js:1:83870)
	at e.fire (/usr/share/code/resources/app/out/vs/workbench/services/extensions/node/extensionHostProcess.js:48:517)
	at e.updateModelState (/usr/share/code/resources/app/extensions/git/dist/main.js:1:102740)
> git config --get commit.template
> git check-ignore -v -z --stdin
> git show :.env
> git ls-files --stage -- /var/www/html/skorozvon/.env
> git status -z -u
> git symbolic-ref --short HEAD
> git rev-parse master
> git rev-parse --symbolic-full-name master@{u}
> git rev-list --left-right master...refs/remotes/origin/master
> git for-each-ref --format %(refname) %(objectname) --sort -committerdate
> git remote --verbose
Failed to watch ref '/var/www/html/skorozvon/.git/refs/remotes/origin/master', is most likely packed.
Error: ENOENT: no such file or directory, watch '/var/www/html/skorozvon/.git/refs/remotes/origin/master'
	at FSWatcher.start (internal/fs/watchers.js:165:26)
	at Object.watch (fs.js:1270:11)
	at Object.t.watch (/usr/share/code/resources/app/extensions/git/dist/main.js:1:598268)
	at T.updateTransientWatchers (/usr/share/code/resources/app/extensions/git/dist/main.js:1:83870)
	at e.fire (/usr/share/code/resources/app/out/vs/workbench/services/extensions/node/extensionHostProcess.js:48:517)
	at e.updateModelState (/usr/share/code/resources/app/extensions/git/dist/main.js:1:102740)
> git config --get commit.template
> git check-ignore -v -z --stdin
> git check-ignore -v -z --stdin
> git check-ignore -v -z --stdin
> git show :routes/api.php
> git ls-files --stage -- /var/www/html/skorozvon/routes/api.php
> git cat-file -s ae8c22d84107989f287b2e440791ca3ff34a4344
> git check-ignore -v -z --stdin
> git check-ignore -v -z --stdin
> git show :database/migrations/2014_10_12_000000_create_users_table.php
> git ls-files --stage -- /var/www/html/skorozvon/database/migrations/2014_10_12_000000_create_users_table.php
> git cat-file -s 621a24eb734b76ca474bb8b5ea4a62b5f27d223c
> git check-ignore -v -z --stdin
> git check-ignore -v -z --stdin
> git check-ignore -v -z --stdin
> git show :app/Http/Controllers/AuthController.php
> git ls-files --stage -- /var/www/html/skorozvon/app/Http/Controllers/AuthController.php
> git cat-file -s 4d7f6c41af822aadfb7216b8ca4bb833efe0402a
