Looking for git in: git
Using git 2.17.1 from git
> git rev-parse --show-toplevel
> git rev-parse --git-dir
Open repository: /var/www/html/skorozvon
> git status -z -u
> git symbolic-ref --short HEAD
> git rev-parse master
> git show :app/Http/Controllers/PersonalArea/LeadController.php
> git ls-files --stage -- /var/www/html/skorozvon/app/Http/Controllers/PersonalArea/LeadController.php
> git rev-parse --symbolic-full-name master@{u}
> git rev-list --left-right master...refs/remotes/origin/master
> git for-each-ref --format %(refname) %(objectname) --sort -committerdate
> git remote --verbose
> git config --get commit.template
> git cat-file -s f9ab74b7bdd617e2f92c8c13bd71f9f2222bf418
> git check-ignore -v -z --stdin
> git status -z -u
> git symbolic-ref --short HEAD
> git rev-parse master
> git rev-parse --symbolic-full-name master@{u}
> git rev-list --left-right master...refs/remotes/origin/master
> git for-each-ref --format %(refname) %(objectname) --sort -committerdate
> git remote --verbose
> git config --get commit.template
