Looking for git in: git
Using git 2.17.1 from git
> git rev-parse --show-toplevel
> git rev-parse --git-dir
Open repository: /var/www/html/skorozvon
> git status -z -u
> git show :app/Http/Controllers/AuthController.php
> git ls-files --stage -- /var/www/html/skorozvon/app/Http/Controllers/AuthController.php
> git cat-file -s 4d7f6c41af822aadfb7216b8ca4bb833efe0402a
> git check-ignore -v -z --stdin
> git symbolic-ref --short HEAD
> git rev-parse master
> git rev-parse --symbolic-full-name master@{u}
> git rev-list --left-right master...refs/remotes/origin/master
> git for-each-ref --format %(refname) %(objectname) --sort -committerdate
> git remote --verbose
> git config --get commit.template
> git check-ignore -v -z --stdin
> git check-ignore -v -z --stdin
> git check-ignore -v -z --stdin
> git check-ignore -v -z --stdin
> git check-ignore -v -z --stdin
> git show :routes/api.php
> git ls-files --stage -- /var/www/html/skorozvon/routes/api.php
> git cat-file -s ae8c22d84107989f287b2e440791ca3ff34a4344
> git status -z -u
> git ls-files --stage -- /var/www/html/skorozvon/routes/api.php
> git symbolic-ref --short HEAD
> git cat-file -s ae8c22d84107989f287b2e440791ca3ff34a4344
> git rev-parse master
> git rev-parse --symbolic-full-name master@{u}
> git show :routes/api.php
> git rev-list --left-right master...refs/remotes/origin/master
> git for-each-ref --format %(refname) %(objectname) --sort -committerdate
> git remote --verbose
> git config --get commit.template
> git status -z -u
> git symbolic-ref --short HEAD
> git rev-parse master
> git rev-parse --symbolic-full-name master@{u}
> git rev-list --left-right master...refs/remotes/origin/master
> git for-each-ref --format %(refname) %(objectname) --sort -committerdate
> git remote --verbose
> git config --get commit.template
> git status -z -u
> git ls-files --stage -- /var/www/html/skorozvon/routes/api.php
> git symbolic-ref --short HEAD
> git cat-file -s ae8c22d84107989f287b2e440791ca3ff34a4344
> git rev-parse master
> git rev-parse --symbolic-full-name master@{u}
> git show :routes/api.php
> git rev-list --left-right master...refs/remotes/origin/master
> git for-each-ref --format %(refname) %(objectname) --sort -committerdate
> git remote --verbose
> git config --get commit.template
> git status -z -u
> git symbolic-ref --short HEAD
> git rev-parse master
> git rev-parse --symbolic-full-name master@{u}
> git rev-list --left-right master...refs/remotes/origin/master
> git for-each-ref --format %(refname) %(objectname) --sort -committerdate
> git remote --verbose
> git config --get commit.template
> git check-ignore -v -z --stdin
> git show :database/migrations/2020_05_04_155029_leads_contact.php
> git ls-files --stage -- /var/www/html/skorozvon/database/migrations/2020_05_04_155029_leads_contact.php
> git show :database/migrations/2019_08_19_000000_create_failed_jobs_table.php
> git ls-files --stage -- /var/www/html/skorozvon/database/migrations/2019_08_19_000000_create_failed_jobs_table.php
> git cat-file -s 9bddee36cb3f0b9f4942b46fc7601d457ec4390e
> git show :database/migrations/2020_05_04_155029_leads_contact.php
> git ls-files --stage -- /var/www/html/skorozvon/database/migrations/2020_05_04_155029_leads_contact.php
> git show :database/migrations/2019_08_19_000000_create_failed_jobs_table.php
> git ls-files --stage -- /var/www/html/skorozvon/database/migrations/2019_08_19_000000_create_failed_jobs_table.php
> git cat-file -s 9bddee36cb3f0b9f4942b46fc7601d457ec4390e
> git show :database/migrations/2014_10_12_000000_create_users_table.php
> git ls-files --stage -- /var/www/html/skorozvon/database/migrations/2014_10_12_000000_create_users_table.php
> git cat-file -s 621a24eb734b76ca474bb8b5ea4a62b5f27d223c
> git show :database/migrations/2020_05_04_155029_leads_contact.php
> git ls-files --stage -- /var/www/html/skorozvon/database/migrations/2020_05_04_155029_leads_contact.php
> git show :database/migrations/2019_08_19_000000_create_failed_jobs_table.php
> git ls-files --stage -- /var/www/html/skorozvon/database/migrations/2019_08_19_000000_create_failed_jobs_table.php
> git cat-file -s 9bddee36cb3f0b9f4942b46fc7601d457ec4390e
> git show :database/migrations/2014_10_12_000000_create_users_table.php
> git ls-files --stage -- /var/www/html/skorozvon/database/migrations/2014_10_12_000000_create_users_table.php
> git cat-file -s 621a24eb734b76ca474bb8b5ea4a62b5f27d223c
> git show :database/migrations/2020_05_04_155029_leads_contact.php
> git ls-files --stage -- /var/www/html/skorozvon/database/migrations/2020_05_04_155029_leads_contact.php
> git show :database/migrations/2014_10_12_000000_create_users_table.php
> git ls-files --stage -- /var/www/html/skorozvon/database/migrations/2014_10_12_000000_create_users_table.php
> git cat-file -s 621a24eb734b76ca474bb8b5ea4a62b5f27d223c
> git show :database/migrations/2020_05_04_155029_leads_contact.php
> git ls-files --stage -- /var/www/html/skorozvon/database/migrations/2020_05_04_155029_leads_contact.php
> git show :database/migrations/2019_08_19_000000_create_failed_jobs_table.php
> git ls-files --stage -- /var/www/html/skorozvon/database/migrations/2019_08_19_000000_create_failed_jobs_table.php
> git cat-file -s 9bddee36cb3f0b9f4942b46fc7601d457ec4390e
> git show :database/migrations/2020_05_04_155029_leads_contact.php
> git ls-files --stage -- /var/www/html/skorozvon/database/migrations/2020_05_04_155029_leads_contact.php
> git show :database/migrations/2019_08_19_000000_create_failed_jobs_table.php
> git ls-files --stage -- /var/www/html/skorozvon/database/migrations/2019_08_19_000000_create_failed_jobs_table.php
> git cat-file -s 9bddee36cb3f0b9f4942b46fc7601d457ec4390e
> git show :database/migrations/2014_10_12_000000_create_users_table.php
> git ls-files --stage -- /var/www/html/skorozvon/database/migrations/2014_10_12_000000_create_users_table.php
> git cat-file -s 621a24eb734b76ca474bb8b5ea4a62b5f27d223c
> git show :database/migrations/2020_05_04_155029_leads_contact.php
> git ls-files --stage -- /var/www/html/skorozvon/database/migrations/2020_05_04_155029_leads_contact.php
> git show :database/migrations/2019_08_19_000000_create_failed_jobs_table.php
> git ls-files --stage -- /var/www/html/skorozvon/database/migrations/2019_08_19_000000_create_failed_jobs_table.php
> git cat-file -s 9bddee36cb3f0b9f4942b46fc7601d457ec4390e
> git show :database/migrations/2020_05_04_155029_leads_contact.php
> git ls-files --stage -- /var/www/html/skorozvon/database/migrations/2020_05_04_155029_leads_contact.php
> git show :database/migrations/2019_08_19_000000_create_failed_jobs_table.php
> git ls-files --stage -- /var/www/html/skorozvon/database/migrations/2019_08_19_000000_create_failed_jobs_table.php
> git cat-file -s 9bddee36cb3f0b9f4942b46fc7601d457ec4390e
> git show :database/migrations/2020_05_04_155029_leads_contact.php
> git ls-files --stage -- /var/www/html/skorozvon/database/migrations/2020_05_04_155029_leads_contact.php
> git show :database/migrations/2019_08_19_000000_create_failed_jobs_table.php
> git ls-files --stage -- /var/www/html/skorozvon/database/migrations/2019_08_19_000000_create_failed_jobs_table.php
> git cat-file -s 9bddee36cb3f0b9f4942b46fc7601d457ec4390e
> git show :database/migrations/2020_05_04_155029_leads_contact.php
> git ls-files --stage -- /var/www/html/skorozvon/database/migrations/2020_05_04_155029_leads_contact.php
> git show :database/migrations/2019_08_19_000000_create_failed_jobs_table.php
> git ls-files --stage -- /var/www/html/skorozvon/database/migrations/2019_08_19_000000_create_failed_jobs_table.php
> git cat-file -s 9bddee36cb3f0b9f4942b46fc7601d457ec4390e
> git show :database/migrations/2020_05_04_155029_leads_contact.php
> git ls-files --stage -- /var/www/html/skorozvon/database/migrations/2020_05_04_155029_leads_contact.php
> git show :database/migrations/2020_05_04_155029_cleads_contact.php
> git ls-files --stage -- /var/www/html/skorozvon/database/migrations/2020_05_04_155029_cleads_contact.php
> git check-ignore -v -z --stdin
> git show :database/migrations/2020_05_04_155029_create_leads_contact.php
> git ls-files --stage -- /var/www/html/skorozvon/database/migrations/2020_05_04_155029_create_leads_contact.php
> git check-ignore -v -z --stdin
> git show :database/migrations/2014_10_12_000000_create_users_table.php
> git ls-files --stage -- /var/www/html/skorozvon/database/migrations/2014_10_12_000000_create_users_table.php
> git cat-file -s 621a24eb734b76ca474bb8b5ea4a62b5f27d223c
> git show :database/migrations/2020_05_04_155029_create_leads_contact.php
> git ls-files --stage -- /var/www/html/skorozvon/database/migrations/2020_05_04_155029_create_leads_contact.php
> git show :database/migrations/2014_10_12_000000_create_users_table.php
> git ls-files --stage -- /var/www/html/skorozvon/database/migrations/2014_10_12_000000_create_users_table.php
> git cat-file -s 621a24eb734b76ca474bb8b5ea4a62b5f27d223c
> git show :database/migrations/2019_08_19_000000_create_failed_jobs_table.php
> git ls-files --stage -- /var/www/html/skorozvon/database/migrations/2019_08_19_000000_create_failed_jobs_table.php
> git cat-file -s 9bddee36cb3f0b9f4942b46fc7601d457ec4390e
> git show :database/migrations/2020_05_04_155029_create_leads_contact.php
> git ls-files --stage -- /var/www/html/skorozvon/database/migrations/2020_05_04_155029_create_leads_contact.php
> git show :routes/api.php
> git ls-files --stage -- /var/www/html/skorozvon/routes/api.php
> git cat-file -s ae8c22d84107989f287b2e440791ca3ff34a4344
